[0303/082839.517:ERROR:crash_report_database_win.cc(580)] CreateDirectory C:\Program Files (x86)\Setmy\Reports\Dump: El sistema no puede encontrar la ruta especificada. (0x3)
[0303/082839.525:ERROR:registration_protocol_win.cc(84)] TransactNamedPipe: Ha terminado la canalización. (0x6D)
[0303/082839.529:ERROR:crash_report_database_win.cc(580)] CreateDirectory C:\Program Files (x86)\Setmy\Reports\Dump: El sistema no puede encontrar la ruta especificada. (0x3)
[0303/083238.706:ERROR:crash_report_database_win.cc(580)] CreateDirectory C:\Program Files (x86)\Setmy\Reports\Dump: El sistema no puede encontrar la ruta especificada. (0x3)
[0303/083238.726:ERROR:registration_protocol_win.cc(84)] TransactNamedPipe: Ha terminado la canalización. (0x6D)
[0303/083238.730:ERROR:crash_report_database_win.cc(580)] CreateDirectory C:\Program Files (x86)\Setmy\Reports\Dump: El sistema no puede encontrar la ruta especificada. (0x3)
[0303/083323.328:ERROR:crash_report_database_win.cc(580)] CreateDirectory C:\Program Files (x86)\Setmy\Reports\Dump: El sistema no puede encontrar la ruta especificada. (0x3)
[0303/083323.336:ERROR:registration_protocol_win.cc(84)] TransactNamedPipe: Ha terminado la canalización. (0x6D)
[0303/083323.336:ERROR:crash_report_database_win.cc(580)] CreateDirectory C:\Program Files (x86)\Setmy\Reports\Dump: El sistema no puede encontrar la ruta especificada. (0x3)
[0303/083421.788:ERROR:crash_report_database_win.cc(580)] CreateDirectory C:\Program Files (x86)\Setmy\Reports\Dump: El sistema no puede encontrar la ruta especificada. (0x3)
[0303/083421.796:ERROR:registration_protocol_win.cc(84)] TransactNamedPipe: Ha terminado la canalización. (0x6D)
[0303/083421.800:ERROR:crash_report_database_win.cc(580)] CreateDirectory C:\Program Files (x86)\Setmy\Reports\Dump: El sistema no puede encontrar la ruta especificada. (0x3)
[0303/083557.211:ERROR:crash_report_database_win.cc(580)] CreateDirectory C:\Program Files (x86)\Setmy\Reports\Dump: El sistema no puede encontrar la ruta especificada. (0x3)
[0303/083557.239:ERROR:registration_protocol_win.cc(84)] TransactNamedPipe: Ha terminado la canalización. (0x6D)
[0303/083557.239:ERROR:crash_report_database_win.cc(580)] CreateDirectory C:\Program Files (x86)\Setmy\Reports\Dump: El sistema no puede encontrar la ruta especificada. (0x3)
[0303/083743.659:ERROR:crash_report_database_win.cc(580)] CreateDirectory C:\Program Files (x86)\Setmy\Reports\Dump: El sistema no puede encontrar la ruta especificada. (0x3)
[0303/083743.691:ERROR:registration_protocol_win.cc(84)] TransactNamedPipe: Ha terminado la canalización. (0x6D)
[0303/083743.691:ERROR:crash_report_database_win.cc(580)] CreateDirectory C:\Program Files (x86)\Setmy\Reports\Dump: El sistema no puede encontrar la ruta especificada. (0x3)
[0303/083807.780:ERROR:crash_report_database_win.cc(580)] CreateDirectory C:\Program Files (x86)\Setmy\Reports\Dump: El sistema no puede encontrar la ruta especificada. (0x3)
[0303/083807.804:ERROR:registration_protocol_win.cc(84)] TransactNamedPipe: Ha terminado la canalización. (0x6D)
[0303/083807.804:ERROR:crash_report_database_win.cc(580)] CreateDirectory C:\Program Files (x86)\Setmy\Reports\Dump: El sistema no puede encontrar la ruta especificada. (0x3)
[0303/083849.422:ERROR:crash_report_database_win.cc(580)] CreateDirectory C:\Program Files (x86)\Setmy\Reports\Dump: El sistema no puede encontrar la ruta especificada. (0x3)
[0303/083849.430:ERROR:registration_protocol_win.cc(84)] TransactNamedPipe: Ha terminado la canalización. (0x6D)
[0303/083849.430:ERROR:crash_report_database_win.cc(580)] CreateDirectory C:\Program Files (x86)\Setmy\Reports\Dump: El sistema no puede encontrar la ruta especificada. (0x3)
[0303/083909.627:ERROR:crash_report_database_win.cc(580)] CreateDirectory C:\Program Files (x86)\Setmy\Reports\Dump: El sistema no puede encontrar la ruta especificada. (0x3)
[0303/083909.635:ERROR:registration_protocol_win.cc(84)] TransactNamedPipe: Ha terminado la canalización. (0x6D)
[0303/083909.635:ERROR:crash_report_database_win.cc(580)] CreateDirectory C:\Program Files (x86)\Setmy\Reports\Dump: El sistema no puede encontrar la ruta especificada. (0x3)
[0303/084100.355:ERROR:crash_report_database_win.cc(580)] CreateDirectory C:\Program Files (x86)\Setmy\Reports\Dump: El sistema no puede encontrar la ruta especificada. (0x3)
[0303/084100.375:ERROR:registration_protocol_win.cc(84)] TransactNamedPipe: Ha terminado la canalización. (0x6D)
[0303/084100.379:ERROR:crash_report_database_win.cc(580)] CreateDirectory C:\Program Files (x86)\Setmy\Reports\Dump: El sistema no puede encontrar la ruta especificada. (0x3)
[0303/084209.516:ERROR:crash_report_database_win.cc(580)] CreateDirectory C:\Program Files (x86)\Setmy\Reports\Dump: El sistema no puede encontrar la ruta especificada. (0x3)
[0303/084209.524:ERROR:registration_protocol_win.cc(84)] TransactNamedPipe: Ha terminado la canalización. (0x6D)
[0303/084209.528:ERROR:crash_report_database_win.cc(580)] CreateDirectory C:\Program Files (x86)\Setmy\Reports\Dump: El sistema no puede encontrar la ruta especificada. (0x3)
[0303/084400.734:ERROR:crash_report_database_win.cc(580)] CreateDirectory C:\Program Files (x86)\Setmy\Reports\Dump: El sistema no puede encontrar la ruta especificada. (0x3)
[0303/084400.758:ERROR:registration_protocol_win.cc(84)] TransactNamedPipe: Ha terminado la canalización. (0x6D)
[0303/084400.758:ERROR:crash_report_database_win.cc(580)] CreateDirectory C:\Program Files (x86)\Setmy\Reports\Dump: El sistema no puede encontrar la ruta especificada. (0x3)
[0303/084428.856:ERROR:crash_report_database_win.cc(580)] CreateDirectory C:\Program Files (x86)\Setmy\Reports\Dump: El sistema no puede encontrar la ruta especificada. (0x3)
[0303/084428.860:ERROR:registration_protocol_win.cc(84)] TransactNamedPipe: Ha terminado la canalización. (0x6D)
[0303/084428.864:ERROR:crash_report_database_win.cc(580)] CreateDirectory C:\Program Files (x86)\Setmy\Reports\Dump: El sistema no puede encontrar la ruta especificada. (0x3)
[0303/084641.879:ERROR:crash_report_database_win.cc(580)] CreateDirectory C:\Program Files (x86)\Setmy\Reports\Dump: El sistema no puede encontrar la ruta especificada. (0x3)
[0303/084641.915:ERROR:registration_protocol_win.cc(84)] TransactNamedPipe: Ha terminado la canalización. (0x6D)
[0303/084641.915:ERROR:crash_report_database_win.cc(580)] CreateDirectory C:\Program Files (x86)\Setmy\Reports\Dump: El sistema no puede encontrar la ruta especificada. (0x3)
[0303/084939.220:ERROR:crash_report_database_win.cc(580)] CreateDirectory C:\Program Files (x86)\Setmy\Reports\Dump: El sistema no puede encontrar la ruta especificada. (0x3)
[0303/084939.224:ERROR:registration_protocol_win.cc(84)] TransactNamedPipe: Ha terminado la canalización. (0x6D)
[0303/084939.228:ERROR:crash_report_database_win.cc(580)] CreateDirectory C:\Program Files (x86)\Setmy\Reports\Dump: El sistema no puede encontrar la ruta especificada. (0x3)
[0303/085117.921:ERROR:crash_report_database_win.cc(580)] CreateDirectory C:\Program Files (x86)\Setmy\Reports\Dump: El sistema no puede encontrar la ruta especificada. (0x3)
[0303/085117.941:ERROR:registration_protocol_win.cc(84)] TransactNamedPipe: Ha terminado la canalización. (0x6D)
[0303/085117.945:ERROR:crash_report_database_win.cc(580)] CreateDirectory C:\Program Files (x86)\Setmy\Reports\Dump: El sistema no puede encontrar la ruta especificada. (0x3)
[0303/085152.620:ERROR:crash_report_database_win.cc(580)] CreateDirectory C:\Program Files (x86)\Setmy\Reports\Dump: El sistema no puede encontrar la ruta especificada. (0x3)
[0303/085152.640:ERROR:registration_protocol_win.cc(84)] TransactNamedPipe: Ha terminado la canalización. (0x6D)
[0303/085152.640:ERROR:crash_report_database_win.cc(580)] CreateDirectory C:\Program Files (x86)\Setmy\Reports\Dump: El sistema no puede encontrar la ruta especificada. (0x3)
[0303/085337.076:ERROR:crash_report_database_win.cc(580)] CreateDirectory C:\Program Files (x86)\Setmy\Reports\Dump: El sistema no puede encontrar la ruta especificada. (0x3)
[0303/085337.092:ERROR:registration_protocol_win.cc(84)] TransactNamedPipe: Ha terminado la canalización. (0x6D)
[0303/085337.096:ERROR:crash_report_database_win.cc(580)] CreateDirectory C:\Program Files (x86)\Setmy\Reports\Dump: El sistema no puede encontrar la ruta especificada. (0x3)
[0303/085528.456:ERROR:crash_report_database_win.cc(580)] CreateDirectory C:\Program Files (x86)\Setmy\Reports\Dump: El sistema no puede encontrar la ruta especificada. (0x3)
[0303/085528.476:ERROR:registration_protocol_win.cc(84)] TransactNamedPipe: Ha terminado la canalización. (0x6D)
[0303/085528.476:ERROR:crash_report_database_win.cc(580)] CreateDirectory C:\Program Files (x86)\Setmy\Reports\Dump: El sistema no puede encontrar la ruta especificada. (0x3)
[0303/085624.695:ERROR:crash_report_database_win.cc(580)] CreateDirectory C:\Program Files (x86)\Setmy\Reports\Dump: El sistema no puede encontrar la ruta especificada. (0x3)
[0303/085624.715:ERROR:registration_protocol_win.cc(84)] TransactNamedPipe: Ha terminado la canalización. (0x6D)
[0303/085624.719:ERROR:crash_report_database_win.cc(580)] CreateDirectory C:\Program Files (x86)\Setmy\Reports\Dump: El sistema no puede encontrar la ruta especificada. (0x3)
[0303/085710.697:ERROR:crash_report_database_win.cc(580)] CreateDirectory C:\Program Files (x86)\Setmy\Reports\Dump: El sistema no puede encontrar la ruta especificada. (0x3)
[0303/085710.717:ERROR:registration_protocol_win.cc(84)] TransactNamedPipe: Ha terminado la canalización. (0x6D)
[0303/085710.717:ERROR:crash_report_database_win.cc(580)] CreateDirectory C:\Program Files (x86)\Setmy\Reports\Dump: El sistema no puede encontrar la ruta especificada. (0x3)
[0303/085725.603:ERROR:crash_report_database_win.cc(580)] CreateDirectory C:\Program Files (x86)\Setmy\Reports\Dump: El sistema no puede encontrar la ruta especificada. (0x3)
[0303/085725.619:ERROR:registration_protocol_win.cc(84)] TransactNamedPipe: Ha terminado la canalización. (0x6D)
[0303/085725.623:ERROR:crash_report_database_win.cc(580)] CreateDirectory C:\Program Files (x86)\Setmy\Reports\Dump: El sistema no puede encontrar la ruta especificada. (0x3)
[0303/085740.322:ERROR:crash_report_database_win.cc(580)] CreateDirectory C:\Program Files (x86)\Setmy\Reports\Dump: El sistema no puede encontrar la ruta especificada. (0x3)
[0303/085740.342:ERROR:registration_protocol_win.cc(84)] TransactNamedPipe: Ha terminado la canalización. (0x6D)
[0303/085740.342:ERROR:crash_report_database_win.cc(580)] CreateDirectory C:\Program Files (x86)\Setmy\Reports\Dump: El sistema no puede encontrar la ruta especificada. (0x3)
[0303/085758.262:ERROR:crash_report_database_win.cc(580)] CreateDirectory C:\Program Files (x86)\Setmy\Reports\Dump: El sistema no puede encontrar la ruta especificada. (0x3)
[0303/085758.278:ERROR:registration_protocol_win.cc(84)] TransactNamedPipe: Ha terminado la canalización. (0x6D)
[0303/085758.282:ERROR:crash_report_database_win.cc(580)] CreateDirectory C:\Program Files (x86)\Setmy\Reports\Dump: El sistema no puede encontrar la ruta especificada. (0x3)
[0303/085816.005:ERROR:crash_report_database_win.cc(580)] CreateDirectory C:\Program Files (x86)\Setmy\Reports\Dump: El sistema no puede encontrar la ruta especificada. (0x3)
[0303/085816.025:ERROR:registration_protocol_win.cc(84)] TransactNamedPipe: Ha terminado la canalización. (0x6D)
[0303/085816.029:ERROR:crash_report_database_win.cc(580)] CreateDirectory C:\Program Files (x86)\Setmy\Reports\Dump: El sistema no puede encontrar la ruta especificada. (0x3)
[0303/085834.483:ERROR:crash_report_database_win.cc(580)] CreateDirectory C:\Program Files (x86)\Setmy\Reports\Dump: El sistema no puede encontrar la ruta especificada. (0x3)
[0303/085834.507:ERROR:registration_protocol_win.cc(84)] TransactNamedPipe: Ha terminado la canalización. (0x6D)
[0303/085834.507:ERROR:crash_report_database_win.cc(580)] CreateDirectory C:\Program Files (x86)\Setmy\Reports\Dump: El sistema no puede encontrar la ruta especificada. (0x3)
[0303/085936.516:ERROR:crash_report_database_win.cc(580)] CreateDirectory C:\Program Files (x86)\Setmy\Reports\Dump: El sistema no puede encontrar la ruta especificada. (0x3)
[0303/085936.536:ERROR:registration_protocol_win.cc(84)] TransactNamedPipe: Ha terminado la canalización. (0x6D)
[0303/085936.536:ERROR:crash_report_database_win.cc(580)] CreateDirectory C:\Program Files (x86)\Setmy\Reports\Dump: El sistema no puede encontrar la ruta especificada. (0x3)
[0303/090000.057:ERROR:crash_report_database_win.cc(580)] CreateDirectory C:\Program Files (x86)\Setmy\Reports\Dump: El sistema no puede encontrar la ruta especificada. (0x3)
[0303/090000.081:ERROR:registration_protocol_win.cc(84)] TransactNamedPipe: Ha terminado la canalización. (0x6D)
[0303/090000.085:ERROR:crash_report_database_win.cc(580)] CreateDirectory C:\Program Files (x86)\Setmy\Reports\Dump: El sistema no puede encontrar la ruta especificada. (0x3)
[0303/090109.777:ERROR:crash_report_database_win.cc(580)] CreateDirectory C:\Program Files (x86)\Setmy\Reports\Dump: El sistema no puede encontrar la ruta especificada. (0x3)
[0303/090109.797:ERROR:registration_protocol_win.cc(84)] TransactNamedPipe: Ha terminado la canalización. (0x6D)
[0303/090109.797:ERROR:crash_report_database_win.cc(580)] CreateDirectory C:\Program Files (x86)\Setmy\Reports\Dump: El sistema no puede encontrar la ruta especificada. (0x3)
[0303/090125.487:ERROR:crash_report_database_win.cc(580)] CreateDirectory C:\Program Files (x86)\Setmy\Reports\Dump: El sistema no puede encontrar la ruta especificada. (0x3)
[0303/090125.511:ERROR:registration_protocol_win.cc(84)] TransactNamedPipe: Ha terminado la canalización. (0x6D)
[0303/090125.511:ERROR:crash_report_database_win.cc(580)] CreateDirectory C:\Program Files (x86)\Setmy\Reports\Dump: El sistema no puede encontrar la ruta especificada. (0x3)
[0303/090148.618:ERROR:crash_report_database_win.cc(580)] CreateDirectory C:\Program Files (x86)\Setmy\Reports\Dump: El sistema no puede encontrar la ruta especificada. (0x3)
[0303/090148.630:ERROR:registration_protocol_win.cc(84)] TransactNamedPipe: Ha terminado la canalización. (0x6D)
[0303/090148.634:ERROR:crash_report_database_win.cc(580)] CreateDirectory C:\Program Files (x86)\Setmy\Reports\Dump: El sistema no puede encontrar la ruta especificada. (0x3)
[0303/090210.391:ERROR:crash_report_database_win.cc(580)] CreateDirectory C:\Program Files (x86)\Setmy\Reports\Dump: El sistema no puede encontrar la ruta especificada. (0x3)
[0303/090210.411:ERROR:registration_protocol_win.cc(84)] TransactNamedPipe: Ha terminado la canalización. (0x6D)
[0303/090210.411:ERROR:crash_report_database_win.cc(580)] CreateDirectory C:\Program Files (x86)\Setmy\Reports\Dump: El sistema no puede encontrar la ruta especificada. (0x3)
[0303/090320.611:ERROR:crash_report_database_win.cc(580)] CreateDirectory C:\Program Files (x86)\Setmy\Reports\Dump: El sistema no puede encontrar la ruta especificada. (0x3)
[0303/090320.635:ERROR:registration_protocol_win.cc(84)] TransactNamedPipe: Ha terminado la canalización. (0x6D)
[0303/090320.635:ERROR:crash_report_database_win.cc(580)] CreateDirectory C:\Program Files (x86)\Setmy\Reports\Dump: El sistema no puede encontrar la ruta especificada. (0x3)
[0303/090914.491:ERROR:crash_report_database_win.cc(580)] CreateDirectory C:\Program Files (x86)\Setmy\Reports\Dump: El sistema no puede encontrar la ruta especificada. (0x3)
[0303/090914.511:ERROR:registration_protocol_win.cc(84)] TransactNamedPipe: Ha terminado la canalización. (0x6D)
[0303/090914.511:ERROR:crash_report_database_win.cc(580)] CreateDirectory C:\Program Files (x86)\Setmy\Reports\Dump: El sistema no puede encontrar la ruta especificada. (0x3)
[0303/091046.773:ERROR:crash_report_database_win.cc(580)] CreateDirectory C:\Program Files (x86)\Setmy\Reports\Dump: El sistema no puede encontrar la ruta especificada. (0x3)
[0303/091046.797:ERROR:registration_protocol_win.cc(84)] TransactNamedPipe: Ha terminado la canalización. (0x6D)
[0303/091046.797:ERROR:crash_report_database_win.cc(580)] CreateDirectory C:\Program Files (x86)\Setmy\Reports\Dump: El sistema no puede encontrar la ruta especificada. (0x3)
[0303/091116.032:ERROR:crash_report_database_win.cc(580)] CreateDirectory C:\Program Files (x86)\Setmy\Reports\Dump: El sistema no puede encontrar la ruta especificada. (0x3)
[0303/091116.052:ERROR:registration_protocol_win.cc(84)] TransactNamedPipe: Ha terminado la canalización. (0x6D)
[0303/091116.052:ERROR:crash_report_database_win.cc(580)] CreateDirectory C:\Program Files (x86)\Setmy\Reports\Dump: El sistema no puede encontrar la ruta especificada. (0x3)
[0303/091136.330:ERROR:crash_report_database_win.cc(580)] CreateDirectory C:\Program Files (x86)\Setmy\Reports\Dump: El sistema no puede encontrar la ruta especificada. (0x3)
[0303/091136.346:ERROR:registration_protocol_win.cc(84)] TransactNamedPipe: Ha terminado la canalización. (0x6D)
[0303/091136.350:ERROR:crash_report_database_win.cc(580)] CreateDirectory C:\Program Files (x86)\Setmy\Reports\Dump: El sistema no puede encontrar la ruta especificada. (0x3)
[0303/091157.536:ERROR:crash_report_database_win.cc(580)] CreateDirectory C:\Program Files (x86)\Setmy\Reports\Dump: El sistema no puede encontrar la ruta especificada. (0x3)
[0303/091157.552:ERROR:registration_protocol_win.cc(84)] TransactNamedPipe: Ha terminado la canalización. (0x6D)
[0303/091157.556:ERROR:crash_report_database_win.cc(580)] CreateDirectory C:\Program Files (x86)\Setmy\Reports\Dump: El sistema no puede encontrar la ruta especificada. (0x3)
[0303/091246.915:ERROR:crash_report_database_win.cc(580)] CreateDirectory C:\Program Files (x86)\Setmy\Reports\Dump: El sistema no puede encontrar la ruta especificada. (0x3)
[0303/091246.935:ERROR:registration_protocol_win.cc(84)] TransactNamedPipe: Ha terminado la canalización. (0x6D)
[0303/091246.935:ERROR:crash_report_database_win.cc(580)] CreateDirectory C:\Program Files (x86)\Setmy\Reports\Dump: El sistema no puede encontrar la ruta especificada. (0x3)
[0303/091340.815:ERROR:crash_report_database_win.cc(580)] CreateDirectory C:\Program Files (x86)\Setmy\Reports\Dump: El sistema no puede encontrar la ruta especificada. (0x3)
[0303/091340.835:ERROR:registration_protocol_win.cc(84)] TransactNamedPipe: Ha terminado la canalización. (0x6D)
[0303/091340.835:ERROR:crash_report_database_win.cc(580)] CreateDirectory C:\Program Files (x86)\Setmy\Reports\Dump: El sistema no puede encontrar la ruta especificada. (0x3)
[0303/091446.119:ERROR:crash_report_database_win.cc(580)] CreateDirectory C:\Program Files (x86)\Setmy\Reports\Dump: El sistema no puede encontrar la ruta especificada. (0x3)
[0303/091446.135:ERROR:registration_protocol_win.cc(84)] TransactNamedPipe: Ha terminado la canalización. (0x6D)
[0303/091446.135:ERROR:crash_report_database_win.cc(580)] CreateDirectory C:\Program Files (x86)\Setmy\Reports\Dump: El sistema no puede encontrar la ruta especificada. (0x3)
[0303/091545.501:ERROR:crash_report_database_win.cc(580)] CreateDirectory C:\Program Files (x86)\Setmy\Reports\Dump: El sistema no puede encontrar la ruta especificada. (0x3)
[0303/091545.517:ERROR:registration_protocol_win.cc(84)] TransactNamedPipe: Ha terminado la canalización. (0x6D)
[0303/091545.517:ERROR:crash_report_database_win.cc(580)] CreateDirectory C:\Program Files (x86)\Setmy\Reports\Dump: El sistema no puede encontrar la ruta especificada. (0x3)
[0303/091632.172:ERROR:crash_report_database_win.cc(580)] CreateDirectory C:\Program Files (x86)\Setmy\Reports\Dump: El sistema no puede encontrar la ruta especificada. (0x3)
[0303/091632.188:ERROR:registration_protocol_win.cc(84)] TransactNamedPipe: Ha terminado la canalización. (0x6D)
[0303/091632.192:ERROR:crash_report_database_win.cc(580)] CreateDirectory C:\Program Files (x86)\Setmy\Reports\Dump: El sistema no puede encontrar la ruta especificada. (0x3)
[0303/091750.223:ERROR:crash_report_database_win.cc(580)] CreateDirectory C:\Program Files (x86)\Setmy\Reports\Dump: El sistema no puede encontrar la ruta especificada. (0x3)
[0303/091750.247:ERROR:registration_protocol_win.cc(84)] TransactNamedPipe: Ha terminado la canalización. (0x6D)
[0303/091750.251:ERROR:crash_report_database_win.cc(580)] CreateDirectory C:\Program Files (x86)\Setmy\Reports\Dump: El sistema no puede encontrar la ruta especificada. (0x3)
[0303/091852.537:ERROR:crash_report_database_win.cc(580)] CreateDirectory C:\Program Files (x86)\Setmy\Reports\Dump: El sistema no puede encontrar la ruta especificada. (0x3)
[0303/091852.557:ERROR:registration_protocol_win.cc(84)] TransactNamedPipe: Ha terminado la canalización. (0x6D)
[0303/091852.557:ERROR:crash_report_database_win.cc(580)] CreateDirectory C:\Program Files (x86)\Setmy\Reports\Dump: El sistema no puede encontrar la ruta especificada. (0x3)
[0303/092015.083:ERROR:crash_report_database_win.cc(580)] CreateDirectory C:\Program Files (x86)\Setmy\Reports\Dump: El sistema no puede encontrar la ruta especificada. (0x3)
[0303/092015.107:ERROR:registration_protocol_win.cc(84)] TransactNamedPipe: Ha terminado la canalización. (0x6D)
[0303/092015.107:ERROR:crash_report_database_win.cc(580)] CreateDirectory C:\Program Files (x86)\Setmy\Reports\Dump: El sistema no puede encontrar la ruta especificada. (0x3)
[0303/092125.850:ERROR:crash_report_database_win.cc(580)] CreateDirectory C:\Program Files (x86)\Setmy\Reports\Dump: El sistema no puede encontrar la ruta especificada. (0x3)
[0303/092125.870:ERROR:registration_protocol_win.cc(84)] TransactNamedPipe: Ha terminado la canalización. (0x6D)
[0303/092125.874:ERROR:crash_report_database_win.cc(580)] CreateDirectory C:\Program Files (x86)\Setmy\Reports\Dump: El sistema no puede encontrar la ruta especificada. (0x3)
[0303/092215.748:ERROR:crash_report_database_win.cc(580)] CreateDirectory C:\Program Files (x86)\Setmy\Reports\Dump: El sistema no puede encontrar la ruta especificada. (0x3)
[0303/092215.768:ERROR:registration_protocol_win.cc(84)] TransactNamedPipe: Ha terminado la canalización. (0x6D)
[0303/092215.768:ERROR:crash_report_database_win.cc(580)] CreateDirectory C:\Program Files (x86)\Setmy\Reports\Dump: El sistema no puede encontrar la ruta especificada. (0x3)
[0303/092422.272:ERROR:crash_report_database_win.cc(580)] CreateDirectory C:\Program Files (x86)\Setmy\Reports\Dump: El sistema no puede encontrar la ruta especificada. (0x3)
[0303/092422.292:ERROR:registration_protocol_win.cc(84)] TransactNamedPipe: Ha terminado la canalización. (0x6D)
[0303/092422.292:ERROR:crash_report_database_win.cc(580)] CreateDirectory C:\Program Files (x86)\Setmy\Reports\Dump: El sistema no puede encontrar la ruta especificada. (0x3)
[0303/092548.703:ERROR:crash_report_database_win.cc(580)] CreateDirectory C:\Program Files (x86)\Setmy\Reports\Dump: El sistema no puede encontrar la ruta especificada. (0x3)
[0303/092548.723:ERROR:registration_protocol_win.cc(84)] TransactNamedPipe: Ha terminado la canalización. (0x6D)
[0303/092548.727:ERROR:crash_report_database_win.cc(580)] CreateDirectory C:\Program Files (x86)\Setmy\Reports\Dump: El sistema no puede encontrar la ruta especificada. (0x3)
[0303/092625.430:ERROR:crash_report_database_win.cc(580)] CreateDirectory C:\Program Files (x86)\Setmy\Reports\Dump: El sistema no puede encontrar la ruta especificada. (0x3)
[0303/092625.446:ERROR:registration_protocol_win.cc(84)] TransactNamedPipe: Ha terminado la canalización. (0x6D)
[0303/092625.450:ERROR:crash_report_database_win.cc(580)] CreateDirectory C:\Program Files (x86)\Setmy\Reports\Dump: El sistema no puede encontrar la ruta especificada. (0x3)
[0303/092709.744:ERROR:crash_report_database_win.cc(580)] CreateDirectory C:\Program Files (x86)\Setmy\Reports\Dump: El sistema no puede encontrar la ruta especificada. (0x3)
[0303/092709.760:ERROR:registration_protocol_win.cc(84)] TransactNamedPipe: Ha terminado la canalización. (0x6D)
[0303/092709.764:ERROR:crash_report_database_win.cc(580)] CreateDirectory C:\Program Files (x86)\Setmy\Reports\Dump: El sistema no puede encontrar la ruta especificada. (0x3)
[0303/092836.223:ERROR:crash_report_database_win.cc(580)] CreateDirectory C:\Program Files (x86)\Setmy\Reports\Dump: El sistema no puede encontrar la ruta especificada. (0x3)
[0303/092836.243:ERROR:registration_protocol_win.cc(84)] TransactNamedPipe: Ha terminado la canalización. (0x6D)
[0303/092836.247:ERROR:crash_report_database_win.cc(580)] CreateDirectory C:\Program Files (x86)\Setmy\Reports\Dump: El sistema no puede encontrar la ruta especificada. (0x3)
[0303/093016.253:ERROR:crash_report_database_win.cc(580)] CreateDirectory C:\Program Files (x86)\Setmy\Reports\Dump: El sistema no puede encontrar la ruta especificada. (0x3)
[0303/093016.269:ERROR:registration_protocol_win.cc(84)] TransactNamedPipe: Ha terminado la canalización. (0x6D)
[0303/093016.273:ERROR:crash_report_database_win.cc(580)] CreateDirectory C:\Program Files (x86)\Setmy\Reports\Dump: El sistema no puede encontrar la ruta especificada. (0x3)
[0303/093051.663:ERROR:crash_report_database_win.cc(580)] CreateDirectory C:\Program Files (x86)\Setmy\Reports\Dump: El sistema no puede encontrar la ruta especificada. (0x3)
[0303/093051.683:ERROR:registration_protocol_win.cc(84)] TransactNamedPipe: Ha terminado la canalización. (0x6D)
[0303/093051.687:ERROR:crash_report_database_win.cc(580)] CreateDirectory C:\Program Files (x86)\Setmy\Reports\Dump: El sistema no puede encontrar la ruta especificada. (0x3)
[0303/093141.635:ERROR:crash_report_database_win.cc(580)] CreateDirectory C:\Program Files (x86)\Setmy\Reports\Dump: El sistema no puede encontrar la ruta especificada. (0x3)
[0303/093141.655:ERROR:registration_protocol_win.cc(84)] TransactNamedPipe: Ha terminado la canalización. (0x6D)
[0303/093141.655:ERROR:crash_report_database_win.cc(580)] CreateDirectory C:\Program Files (x86)\Setmy\Reports\Dump: El sistema no puede encontrar la ruta especificada. (0x3)
[0303/093415.044:ERROR:crash_report_database_win.cc(580)] CreateDirectory C:\Program Files (x86)\Setmy\Reports\Dump: El sistema no puede encontrar la ruta especificada. (0x3)
[0303/093415.060:ERROR:registration_protocol_win.cc(84)] TransactNamedPipe: Ha terminado la canalización. (0x6D)
[0303/093415.064:ERROR:crash_report_database_win.cc(580)] CreateDirectory C:\Program Files (x86)\Setmy\Reports\Dump: El sistema no puede encontrar la ruta especificada. (0x3)
[0303/093616.291:ERROR:crash_report_database_win.cc(580)] CreateDirectory C:\Program Files (x86)\Setmy\Reports\Dump: El sistema no puede encontrar la ruta especificada. (0x3)
[0303/093616.315:ERROR:registration_protocol_win.cc(84)] TransactNamedPipe: Ha terminado la canalización. (0x6D)
[0303/093616.315:ERROR:crash_report_database_win.cc(580)] CreateDirectory C:\Program Files (x86)\Setmy\Reports\Dump: El sistema no puede encontrar la ruta especificada. (0x3)
[0303/093913.803:ERROR:crash_report_database_win.cc(580)] CreateDirectory C:\Program Files (x86)\Setmy\Reports\Dump: El sistema no puede encontrar la ruta especificada. (0x3)
[0303/093913.827:ERROR:registration_protocol_win.cc(84)] TransactNamedPipe: Ha terminado la canalización. (0x6D)
[0303/093913.827:ERROR:crash_report_database_win.cc(580)] CreateDirectory C:\Program Files (x86)\Setmy\Reports\Dump: El sistema no puede encontrar la ruta especificada. (0x3)
[0303/093941.344:ERROR:crash_report_database_win.cc(580)] CreateDirectory C:\Program Files (x86)\Setmy\Reports\Dump: El sistema no puede encontrar la ruta especificada. (0x3)
[0303/093941.364:ERROR:registration_protocol_win.cc(84)] TransactNamedPipe: Ha terminado la canalización. (0x6D)
[0303/093941.368:ERROR:crash_report_database_win.cc(580)] CreateDirectory C:\Program Files (x86)\Setmy\Reports\Dump: El sistema no puede encontrar la ruta especificada. (0x3)
[0303/094003.316:ERROR:crash_report_database_win.cc(580)] CreateDirectory C:\Program Files (x86)\Setmy\Reports\Dump: El sistema no puede encontrar la ruta especificada. (0x3)
[0303/094003.344:ERROR:registration_protocol_win.cc(84)] TransactNamedPipe: Ha terminado la canalización. (0x6D)
[0303/094003.348:ERROR:crash_report_database_win.cc(580)] CreateDirectory C:\Program Files (x86)\Setmy\Reports\Dump: El sistema no puede encontrar la ruta especificada. (0x3)
[0303/094045.096:ERROR:crash_report_database_win.cc(580)] CreateDirectory C:\Program Files (x86)\Setmy\Reports\Dump: El sistema no puede encontrar la ruta especificada. (0x3)
[0303/094045.120:ERROR:registration_protocol_win.cc(84)] TransactNamedPipe: Ha terminado la canalización. (0x6D)
[0303/094045.120:ERROR:crash_report_database_win.cc(580)] CreateDirectory C:\Program Files (x86)\Setmy\Reports\Dump: El sistema no puede encontrar la ruta especificada. (0x3)
[0303/094552.668:ERROR:crash_report_database_win.cc(580)] CreateDirectory C:\Program Files (x86)\Setmy\Reports\Dump: El sistema no puede encontrar la ruta especificada. (0x3)
[0303/094552.692:ERROR:registration_protocol_win.cc(84)] TransactNamedPipe: Ha terminado la canalización. (0x6D)
[0303/094552.692:ERROR:crash_report_database_win.cc(580)] CreateDirectory C:\Program Files (x86)\Setmy\Reports\Dump: El sistema no puede encontrar la ruta especificada. (0x3)
[0303/094956.768:ERROR:crash_report_database_win.cc(580)] CreateDirectory C:\Program Files (x86)\Setmy\Reports\Dump: El sistema no puede encontrar la ruta especificada. (0x3)
[0303/094956.784:ERROR:registration_protocol_win.cc(84)] TransactNamedPipe: Ha terminado la canalización. (0x6D)
[0303/094956.788:ERROR:crash_report_database_win.cc(580)] CreateDirectory C:\Program Files (x86)\Setmy\Reports\Dump: El sistema no puede encontrar la ruta especificada. (0x3)
[0303/095533.172:ERROR:crash_report_database_win.cc(580)] CreateDirectory C:\Program Files (x86)\Setmy\Reports\Dump: El sistema no puede encontrar la ruta especificada. (0x3)
[0303/095533.198:ERROR:registration_protocol_win.cc(84)] TransactNamedPipe: Ha terminado la canalización. (0x6D)
[0303/095533.199:ERROR:crash_report_database_win.cc(580)] CreateDirectory C:\Program Files (x86)\Setmy\Reports\Dump: El sistema no puede encontrar la ruta especificada. (0x3)
[0303/095917:ERROR:crash_report_database_win.cc(562)] CreateDirectory C:\Program Files (x86)\Setmy\Reports\Dump: El sistema no puede encontrar la ruta especificada. (0x3)
[0303/095917:ERROR:registration_protocol_win.cc(82)] TransactNamedPipe: Ha terminado la canalización. (0x6D)
[0303/095917:ERROR:crash_report_database_win.cc(562)] CreateDirectory C:\Program Files (x86)\Setmy\Reports\Dump: El sistema no puede encontrar la ruta especificada. (0x3)
[0303/100521.644:ERROR:crash_report_database_win.cc(580)] CreateDirectory C:\Program Files (x86)\Setmy\Reports\Dump: El sistema no puede encontrar la ruta especificada. (0x3)
[0303/100521.704:ERROR:registration_protocol_win.cc(84)] TransactNamedPipe: Ha terminado la canalización. (0x6D)
[0303/100521.705:ERROR:crash_report_database_win.cc(580)] CreateDirectory C:\Program Files (x86)\Setmy\Reports\Dump: El sistema no puede encontrar la ruta especificada. (0x3)
[0303/100742.717:ERROR:crash_report_database_win.cc(580)] CreateDirectory C:\Program Files (x86)\Setmy\Reports\Dump: El sistema no puede encontrar la ruta especificada. (0x3)
[0303/100742.717:ERROR:registration_protocol_win.cc(84)] TransactNamedPipe: Ha terminado la canalización. (0x6D)
[0303/100742.717:ERROR:crash_report_database_win.cc(580)] CreateDirectory C:\Program Files (x86)\Setmy\Reports\Dump: El sistema no puede encontrar la ruta especificada. (0x3)
[0303/100832.615:ERROR:crash_report_database_win.cc(580)] CreateDirectory C:\Program Files (x86)\Setmy\Reports\Dump: El sistema no puede encontrar la ruta especificada. (0x3)
[0303/100832.631:ERROR:registration_protocol_win.cc(84)] TransactNamedPipe: Ha terminado la canalización. (0x6D)
[0303/100832.631:ERROR:crash_report_database_win.cc(580)] CreateDirectory C:\Program Files (x86)\Setmy\Reports\Dump: El sistema no puede encontrar la ruta especificada. (0x3)
[0303/100907.964:ERROR:crash_report_database_win.cc(580)] CreateDirectory C:\Program Files (x86)\Setmy\Reports\Dump: El sistema no puede encontrar la ruta especificada. (0x3)
[0303/100907.980:ERROR:registration_protocol_win.cc(84)] TransactNamedPipe: Ha terminado la canalización. (0x6D)
[0303/100907.980:ERROR:crash_report_database_win.cc(580)] CreateDirectory C:\Program Files (x86)\Setmy\Reports\Dump: El sistema no puede encontrar la ruta especificada. (0x3)
[0303/101008.087:ERROR:crash_report_database_win.cc(580)] CreateDirectory C:\Program Files (x86)\Setmy\Reports\Dump: El sistema no puede encontrar la ruta especificada. (0x3)
[0303/101008.101:ERROR:registration_protocol_win.cc(84)] TransactNamedPipe: Ha terminado la canalización. (0x6D)
[0303/101008.102:ERROR:crash_report_database_win.cc(580)] CreateDirectory C:\Program Files (x86)\Setmy\Reports\Dump: El sistema no puede encontrar la ruta especificada. (0x3)
[0303/101209.738:ERROR:crash_report_database_win.cc(580)] CreateDirectory C:\Program Files (x86)\Setmy\Reports\Dump: El sistema no puede encontrar la ruta especificada. (0x3)
[0303/101209.754:ERROR:registration_protocol_win.cc(84)] TransactNamedPipe: Ha terminado la canalización. (0x6D)
[0303/101209.754:ERROR:crash_report_database_win.cc(580)] CreateDirectory C:\Program Files (x86)\Setmy\Reports\Dump: El sistema no puede encontrar la ruta especificada. (0x3)
[0303/101350.325:ERROR:crash_report_database_win.cc(580)] CreateDirectory C:\Program Files (x86)\Setmy\Reports\Dump: El sistema no puede encontrar la ruta especificada. (0x3)
[0303/101350.330:ERROR:registration_protocol_win.cc(84)] TransactNamedPipe: Ha terminado la canalización. (0x6D)
[0303/101350.330:ERROR:crash_report_database_win.cc(580)] CreateDirectory C:\Program Files (x86)\Setmy\Reports\Dump: El sistema no puede encontrar la ruta especificada. (0x3)
[0303/101458.251:ERROR:crash_report_database_win.cc(580)] CreateDirectory C:\Program Files (x86)\Setmy\Reports\Dump: El sistema no puede encontrar la ruta especificada. (0x3)
[0303/101458.267:ERROR:registration_protocol_win.cc(84)] TransactNamedPipe: Ha terminado la canalización. (0x6D)
[0303/101458.267:ERROR:crash_report_database_win.cc(580)] CreateDirectory C:\Program Files (x86)\Setmy\Reports\Dump: El sistema no puede encontrar la ruta especificada. (0x3)
[0303/101613.530:ERROR:crash_report_database_win.cc(580)] CreateDirectory C:\Program Files (x86)\Setmy\Reports\Dump: El sistema no puede encontrar la ruta especificada. (0x3)
[0303/101613.545:ERROR:registration_protocol_win.cc(84)] TransactNamedPipe: Ha terminado la canalización. (0x6D)
[0303/101613.545:ERROR:crash_report_database_win.cc(580)] CreateDirectory C:\Program Files (x86)\Setmy\Reports\Dump: El sistema no puede encontrar la ruta especificada. (0x3)
[0303/101715.513:ERROR:crash_report_database_win.cc(580)] CreateDirectory C:\Program Files (x86)\Setmy\Reports\Dump: El sistema no puede encontrar la ruta especificada. (0x3)
[0303/101715.531:ERROR:registration_protocol_win.cc(84)] TransactNamedPipe: Ha terminado la canalización. (0x6D)
[0303/101715.533:ERROR:crash_report_database_win.cc(580)] CreateDirectory C:\Program Files (x86)\Setmy\Reports\Dump: El sistema no puede encontrar la ruta especificada. (0x3)
[0303/101754.069:ERROR:crash_report_database_win.cc(580)] CreateDirectory C:\Program Files (x86)\Setmy\Reports\Dump: El sistema no puede encontrar la ruta especificada. (0x3)
[0303/101754.084:ERROR:registration_protocol_win.cc(84)] TransactNamedPipe: Ha terminado la canalización. (0x6D)
[0303/101754.084:ERROR:crash_report_database_win.cc(580)] CreateDirectory C:\Program Files (x86)\Setmy\Reports\Dump: El sistema no puede encontrar la ruta especificada. (0x3)
[0303/101827.162:ERROR:crash_report_database_win.cc(580)] CreateDirectory C:\Program Files (x86)\Setmy\Reports\Dump: El sistema no puede encontrar la ruta especificada. (0x3)
[0303/101827.178:ERROR:registration_protocol_win.cc(84)] TransactNamedPipe: Ha terminado la canalización. (0x6D)
[0303/101827.178:ERROR:crash_report_database_win.cc(580)] CreateDirectory C:\Program Files (x86)\Setmy\Reports\Dump: El sistema no puede encontrar la ruta especificada. (0x3)
[0303/101904.908:ERROR:crash_report_database_win.cc(580)] CreateDirectory C:\Program Files (x86)\Setmy\Reports\Dump: El sistema no puede encontrar la ruta especificada. (0x3)
[0303/101904.908:ERROR:registration_protocol_win.cc(84)] TransactNamedPipe: Ha terminado la canalización. (0x6D)
[0303/101904.908:ERROR:crash_report_database_win.cc(580)] CreateDirectory C:\Program Files (x86)\Setmy\Reports\Dump: El sistema no puede encontrar la ruta especificada. (0x3)
[0303/102006.005:ERROR:crash_report_database_win.cc(580)] CreateDirectory C:\Program Files (x86)\Setmy\Reports\Dump: El sistema no puede encontrar la ruta especificada. (0x3)
[0303/102006.021:ERROR:registration_protocol_win.cc(84)] TransactNamedPipe: Ha terminado la canalización. (0x6D)
[0303/102006.021:ERROR:crash_report_database_win.cc(580)] CreateDirectory C:\Program Files (x86)\Setmy\Reports\Dump: El sistema no puede encontrar la ruta especificada. (0x3)
[0303/102035.582:ERROR:crash_report_database_win.cc(580)] CreateDirectory C:\Program Files (x86)\Setmy\Reports\Dump: El sistema no puede encontrar la ruta especificada. (0x3)
[0303/102035.595:ERROR:registration_protocol_win.cc(84)] TransactNamedPipe: Ha terminado la canalización. (0x6D)
[0303/102035.597:ERROR:crash_report_database_win.cc(580)] CreateDirectory C:\Program Files (x86)\Setmy\Reports\Dump: El sistema no puede encontrar la ruta especificada. (0x3)
[0303/102143.686:ERROR:crash_report_database_win.cc(580)] CreateDirectory C:\Program Files (x86)\Setmy\Reports\Dump: El sistema no puede encontrar la ruta especificada. (0x3)
[0303/102143.701:ERROR:registration_protocol_win.cc(84)] TransactNamedPipe: Ha terminado la canalización. (0x6D)
[0303/102143.701:ERROR:crash_report_database_win.cc(580)] CreateDirectory C:\Program Files (x86)\Setmy\Reports\Dump: El sistema no puede encontrar la ruta especificada. (0x3)
[0303/102219.200:ERROR:crash_report_database_win.cc(580)] CreateDirectory C:\Program Files (x86)\Setmy\Reports\Dump: El sistema no puede encontrar la ruta especificada. (0x3)
[0303/102219.200:ERROR:registration_protocol_win.cc(84)] TransactNamedPipe: Ha terminado la canalización. (0x6D)
[0303/102219.216:ERROR:crash_report_database_win.cc(580)] CreateDirectory C:\Program Files (x86)\Setmy\Reports\Dump: El sistema no puede encontrar la ruta especificada. (0x3)
[0303/102239.614:ERROR:crash_report_database_win.cc(580)] CreateDirectory C:\Program Files (x86)\Setmy\Reports\Dump: El sistema no puede encontrar la ruta especificada. (0x3)
[0303/102239.614:ERROR:registration_protocol_win.cc(84)] TransactNamedPipe: Ha terminado la canalización. (0x6D)
[0303/102239.614:ERROR:crash_report_database_win.cc(580)] CreateDirectory C:\Program Files (x86)\Setmy\Reports\Dump: El sistema no puede encontrar la ruta especificada. (0x3)
[0303/102256.872:ERROR:crash_report_database_win.cc(580)] CreateDirectory C:\Program Files (x86)\Setmy\Reports\Dump: El sistema no puede encontrar la ruta especificada. (0x3)
[0303/102256.887:ERROR:registration_protocol_win.cc(84)] TransactNamedPipe: Ha terminado la canalización. (0x6D)
[0303/102256.887:ERROR:crash_report_database_win.cc(580)] CreateDirectory C:\Program Files (x86)\Setmy\Reports\Dump: El sistema no puede encontrar la ruta especificada. (0x3)
[0303/102348.441:ERROR:crash_report_database_win.cc(580)] CreateDirectory C:\Program Files (x86)\Setmy\Reports\Dump: El sistema no puede encontrar la ruta especificada. (0x3)
[0303/102348.459:ERROR:registration_protocol_win.cc(84)] TransactNamedPipe: Ha terminado la canalización. (0x6D)
[0303/102348.460:ERROR:crash_report_database_win.cc(580)] CreateDirectory C:\Program Files (x86)\Setmy\Reports\Dump: El sistema no puede encontrar la ruta especificada. (0x3)
[0303/102459.494:ERROR:crash_report_database_win.cc(580)] CreateDirectory C:\Program Files (x86)\Setmy\Reports\Dump: El sistema no puede encontrar la ruta especificada. (0x3)
[0303/102459.510:ERROR:registration_protocol_win.cc(84)] TransactNamedPipe: Ha terminado la canalización. (0x6D)
[0303/102459.510:ERROR:crash_report_database_win.cc(580)] CreateDirectory C:\Program Files (x86)\Setmy\Reports\Dump: El sistema no puede encontrar la ruta especificada. (0x3)
[0303/102735.833:ERROR:crash_report_database_win.cc(580)] CreateDirectory C:\Program Files (x86)\Setmy\Reports\Dump: El sistema no puede encontrar la ruta especificada. (0x3)
[0303/102735.845:ERROR:registration_protocol_win.cc(84)] TransactNamedPipe: Ha terminado la canalización. (0x6D)
[0303/102735.847:ERROR:crash_report_database_win.cc(580)] CreateDirectory C:\Program Files (x86)\Setmy\Reports\Dump: El sistema no puede encontrar la ruta especificada. (0x3)
[0303/102812.779:ERROR:crash_report_database_win.cc(580)] CreateDirectory C:\Program Files (x86)\Setmy\Reports\Dump: El sistema no puede encontrar la ruta especificada. (0x3)
[0303/102812.791:ERROR:registration_protocol_win.cc(84)] TransactNamedPipe: Ha terminado la canalización. (0x6D)
[0303/102812.793:ERROR:crash_report_database_win.cc(580)] CreateDirectory C:\Program Files (x86)\Setmy\Reports\Dump: El sistema no puede encontrar la ruta especificada. (0x3)
[0303/102836.188:ERROR:crash_report_database_win.cc(580)] CreateDirectory C:\Program Files (x86)\Setmy\Reports\Dump: El sistema no puede encontrar la ruta especificada. (0x3)
[0303/102836.206:ERROR:registration_protocol_win.cc(84)] TransactNamedPipe: Ha terminado la canalización. (0x6D)
[0303/102836.207:ERROR:crash_report_database_win.cc(580)] CreateDirectory C:\Program Files (x86)\Setmy\Reports\Dump: El sistema no puede encontrar la ruta especificada. (0x3)
[0303/102909.612:ERROR:crash_report_database_win.cc(580)] CreateDirectory C:\Program Files (x86)\Setmy\Reports\Dump: El sistema no puede encontrar la ruta especificada. (0x3)
[0303/102909.630:ERROR:registration_protocol_win.cc(84)] TransactNamedPipe: Ha terminado la canalización. (0x6D)
[0303/102909.633:ERROR:crash_report_database_win.cc(580)] CreateDirectory C:\Program Files (x86)\Setmy\Reports\Dump: El sistema no puede encontrar la ruta especificada. (0x3)
[0303/102929.727:ERROR:crash_report_database_win.cc(580)] CreateDirectory C:\Program Files (x86)\Setmy\Reports\Dump: El sistema no puede encontrar la ruta especificada. (0x3)
[0303/102929.739:ERROR:registration_protocol_win.cc(84)] TransactNamedPipe: Ha terminado la canalización. (0x6D)
[0303/102929.740:ERROR:crash_report_database_win.cc(580)] CreateDirectory C:\Program Files (x86)\Setmy\Reports\Dump: El sistema no puede encontrar la ruta especificada. (0x3)
[0303/102957.934:ERROR:crash_report_database_win.cc(580)] CreateDirectory C:\Program Files (x86)\Setmy\Reports\Dump: El sistema no puede encontrar la ruta especificada. (0x3)
[0303/102957.946:ERROR:registration_protocol_win.cc(84)] TransactNamedPipe: Ha terminado la canalización. (0x6D)
[0303/102957.948:ERROR:crash_report_database_win.cc(580)] CreateDirectory C:\Program Files (x86)\Setmy\Reports\Dump: El sistema no puede encontrar la ruta especificada. (0x3)
[0303/103015.803:ERROR:crash_report_database_win.cc(580)] CreateDirectory C:\Program Files (x86)\Setmy\Reports\Dump: El sistema no puede encontrar la ruta especificada. (0x3)
[0303/103015.816:ERROR:registration_protocol_win.cc(84)] TransactNamedPipe: Ha terminado la canalización. (0x6D)
[0303/103015.817:ERROR:crash_report_database_win.cc(580)] CreateDirectory C:\Program Files (x86)\Setmy\Reports\Dump: El sistema no puede encontrar la ruta especificada. (0x3)
[0303/103146.975:ERROR:crash_report_database_win.cc(580)] CreateDirectory C:\Program Files (x86)\Setmy\Reports\Dump: El sistema no puede encontrar la ruta especificada. (0x3)
[0303/103146.988:ERROR:registration_protocol_win.cc(84)] TransactNamedPipe: Ha terminado la canalización. (0x6D)
[0303/103146.990:ERROR:crash_report_database_win.cc(580)] CreateDirectory C:\Program Files (x86)\Setmy\Reports\Dump: El sistema no puede encontrar la ruta especificada. (0x3)
[0303/103435.948:ERROR:crash_report_database_win.cc(580)] CreateDirectory C:\Program Files (x86)\Setmy\Reports\Dump: El sistema no puede encontrar la ruta especificada. (0x3)
[0303/103435.964:ERROR:registration_protocol_win.cc(84)] TransactNamedPipe: Ha terminado la canalización. (0x6D)
[0303/103435.966:ERROR:crash_report_database_win.cc(580)] CreateDirectory C:\Program Files (x86)\Setmy\Reports\Dump: El sistema no puede encontrar la ruta especificada. (0x3)
[0303/103849.262:ERROR:crash_report_database_win.cc(580)] CreateDirectory C:\Program Files (x86)\Setmy\Reports\Dump: El sistema no puede encontrar la ruta especificada. (0x3)
[0303/103849.275:ERROR:registration_protocol_win.cc(84)] TransactNamedPipe: Ha terminado la canalización. (0x6D)
[0303/103849.277:ERROR:crash_report_database_win.cc(580)] CreateDirectory C:\Program Files (x86)\Setmy\Reports\Dump: El sistema no puede encontrar la ruta especificada. (0x3)
[0303/104219.263:ERROR:crash_report_database_win.cc(580)] CreateDirectory C:\Program Files (x86)\Setmy\Reports\Dump: El sistema no puede encontrar la ruta especificada. (0x3)
[0303/104219.281:ERROR:registration_protocol_win.cc(84)] TransactNamedPipe: Ha terminado la canalización. (0x6D)
[0303/104219.283:ERROR:crash_report_database_win.cc(580)] CreateDirectory C:\Program Files (x86)\Setmy\Reports\Dump: El sistema no puede encontrar la ruta especificada. (0x3)
[0303/104249.194:ERROR:crash_report_database_win.cc(580)] CreateDirectory C:\Program Files (x86)\Setmy\Reports\Dump: El sistema no puede encontrar la ruta especificada. (0x3)
[0303/104249.209:ERROR:registration_protocol_win.cc(84)] TransactNamedPipe: Ha terminado la canalización. (0x6D)
[0303/104249.211:ERROR:crash_report_database_win.cc(580)] CreateDirectory C:\Program Files (x86)\Setmy\Reports\Dump: El sistema no puede encontrar la ruta especificada. (0x3)
[0303/104621.382:ERROR:crash_report_database_win.cc(580)] CreateDirectory C:\Program Files (x86)\Setmy\Reports\Dump: El sistema no puede encontrar la ruta especificada. (0x3)
[0303/104621.402:ERROR:registration_protocol_win.cc(84)] TransactNamedPipe: Ha terminado la canalización. (0x6D)
[0303/104621.403:ERROR:crash_report_database_win.cc(580)] CreateDirectory C:\Program Files (x86)\Setmy\Reports\Dump: El sistema no puede encontrar la ruta especificada. (0x3)
[0303/104800.315:ERROR:crash_report_database_win.cc(580)] CreateDirectory C:\Program Files (x86)\Setmy\Reports\Dump: El sistema no puede encontrar la ruta especificada. (0x3)
[0303/104800.327:ERROR:registration_protocol_win.cc(84)] TransactNamedPipe: Ha terminado la canalización. (0x6D)
[0303/104800.329:ERROR:crash_report_database_win.cc(580)] CreateDirectory C:\Program Files (x86)\Setmy\Reports\Dump: El sistema no puede encontrar la ruta especificada. (0x3)
[0303/104851.574:ERROR:crash_report_database_win.cc(580)] CreateDirectory C:\Program Files (x86)\Setmy\Reports\Dump: El sistema no puede encontrar la ruta especificada. (0x3)
[0303/104851.591:ERROR:registration_protocol_win.cc(84)] TransactNamedPipe: Ha terminado la canalización. (0x6D)
[0303/104851.593:ERROR:crash_report_database_win.cc(580)] CreateDirectory C:\Program Files (x86)\Setmy\Reports\Dump: El sistema no puede encontrar la ruta especificada. (0x3)
[0303/104953.463:ERROR:crash_report_database_win.cc(580)] CreateDirectory C:\Program Files (x86)\Setmy\Reports\Dump: El sistema no puede encontrar la ruta especificada. (0x3)
[0303/104953.475:ERROR:registration_protocol_win.cc(84)] TransactNamedPipe: Ha terminado la canalización. (0x6D)
[0303/104953.476:ERROR:crash_report_database_win.cc(580)] CreateDirectory C:\Program Files (x86)\Setmy\Reports\Dump: El sistema no puede encontrar la ruta especificada. (0x3)
[0303/105208.098:ERROR:crash_report_database_win.cc(580)] CreateDirectory C:\Program Files (x86)\Setmy\Reports\Dump: El sistema no puede encontrar la ruta especificada. (0x3)
[0303/105208.121:ERROR:registration_protocol_win.cc(84)] TransactNamedPipe: Ha terminado la canalización. (0x6D)
[0303/105208.123:ERROR:crash_report_database_win.cc(580)] CreateDirectory C:\Program Files (x86)\Setmy\Reports\Dump: El sistema no puede encontrar la ruta especificada. (0x3)
[0303/105302.278:ERROR:crash_report_database_win.cc(580)] CreateDirectory C:\Program Files (x86)\Setmy\Reports\Dump: El sistema no puede encontrar la ruta especificada. (0x3)
[0303/105302.291:ERROR:registration_protocol_win.cc(84)] TransactNamedPipe: Ha terminado la canalización. (0x6D)
[0303/105302.293:ERROR:crash_report_database_win.cc(580)] CreateDirectory C:\Program Files (x86)\Setmy\Reports\Dump: El sistema no puede encontrar la ruta especificada. (0x3)
[0303/105358.013:ERROR:crash_report_database_win.cc(580)] CreateDirectory C:\Program Files (x86)\Setmy\Reports\Dump: El sistema no puede encontrar la ruta especificada. (0x3)
[0303/105358.031:ERROR:registration_protocol_win.cc(84)] TransactNamedPipe: Ha terminado la canalización. (0x6D)
[0303/105358.032:ERROR:crash_report_database_win.cc(580)] CreateDirectory C:\Program Files (x86)\Setmy\Reports\Dump: El sistema no puede encontrar la ruta especificada. (0x3)
[0303/105438.504:ERROR:crash_report_database_win.cc(580)] CreateDirectory C:\Program Files (x86)\Setmy\Reports\Dump: El sistema no puede encontrar la ruta especificada. (0x3)
[0303/105438.516:ERROR:registration_protocol_win.cc(84)] TransactNamedPipe: Ha terminado la canalización. (0x6D)
[0303/105438.518:ERROR:crash_report_database_win.cc(580)] CreateDirectory C:\Program Files (x86)\Setmy\Reports\Dump: El sistema no puede encontrar la ruta especificada. (0x3)
[0303/105509.037:ERROR:crash_report_database_win.cc(580)] CreateDirectory C:\Program Files (x86)\Setmy\Reports\Dump: El sistema no puede encontrar la ruta especificada. (0x3)
[0303/105509.049:ERROR:registration_protocol_win.cc(84)] TransactNamedPipe: Ha terminado la canalización. (0x6D)
[0303/105509.050:ERROR:crash_report_database_win.cc(580)] CreateDirectory C:\Program Files (x86)\Setmy\Reports\Dump: El sistema no puede encontrar la ruta especificada. (0x3)
[0303/105718.651:ERROR:crash_report_database_win.cc(580)] CreateDirectory C:\Program Files (x86)\Setmy\Reports\Dump: El sistema no puede encontrar la ruta especificada. (0x3)
[0303/105718.670:ERROR:registration_protocol_win.cc(84)] TransactNamedPipe: Ha terminado la canalización. (0x6D)
[0303/105718.671:ERROR:crash_report_database_win.cc(580)] CreateDirectory C:\Program Files (x86)\Setmy\Reports\Dump: El sistema no puede encontrar la ruta especificada. (0x3)
[0303/105810.906:ERROR:crash_report_database_win.cc(580)] CreateDirectory C:\Program Files (x86)\Setmy\Reports\Dump: El sistema no puede encontrar la ruta especificada. (0x3)
[0303/105810.925:ERROR:registration_protocol_win.cc(84)] TransactNamedPipe: Ha terminado la canalización. (0x6D)
[0303/105810.926:ERROR:crash_report_database_win.cc(580)] CreateDirectory C:\Program Files (x86)\Setmy\Reports\Dump: El sistema no puede encontrar la ruta especificada. (0x3)
[0303/105925.169:ERROR:crash_report_database_win.cc(580)] CreateDirectory C:\Program Files (x86)\Setmy\Reports\Dump: El sistema no puede encontrar la ruta especificada. (0x3)
[0303/105925.182:ERROR:registration_protocol_win.cc(84)] TransactNamedPipe: Ha terminado la canalización. (0x6D)
[0303/105925.183:ERROR:crash_report_database_win.cc(580)] CreateDirectory C:\Program Files (x86)\Setmy\Reports\Dump: El sistema no puede encontrar la ruta especificada. (0x3)
